<?xml version="1.0" encoding="UTF-8"?>
<!-- Generated by org.testng.reporters.JUnitReportReporter -->
<testsuite hostname="DARK-KNIGHT" failures="0" tests="3" name="testClasses.LoginYesyWithTestNG" time="43.151" errors="0" timestamp="2022-12-08T14:44:36 IST" skipped="0">
  <testcase classname="testClasses.LoginYesyWithTestNG" name="verifyLoginpageTitle" time="0.062"/>
  <system-out/>
  <testcase classname="testClasses.LoginYesyWithTestNG" name="verifyWhetherLoginIsSuccessful" time="1.026"/>
  <system-out/>
  <testcase classname="testClasses.LoginYesyWithTestNG" name="verifyWhetherLogoutIsSuccessful" time="42.063"/>
  <system-out/>
</testsuite> <!-- testClasses.LoginYesyWithTestNG -->
